<?xml version="1.0" encoding="UTF-8"?>
<testng-results ignored="0" total="1" passed="1" failed="0" skipped="0">
  <reporter-output>
  </reporter-output>
  <suite started-at="2023-02-08T12:05:03 IST" name="Default Suite" finished-at="2023-02-08T12:05:03 IST" duration-ms="79">
    <groups>
    </groups>
    <test started-at="2023-02-08T12:05:03 IST" name="Testng" finished-at="2023-02-08T12:05:03 IST" duration-ms="79">
      <class name="org.net.TestNG">
        <test-method signature="sam()[pri:0, instance:org.net.TestNG@25b485ba]" started-at="2023-02-08T12:05:03 IST" name="sam" finished-at="2023-02-08T12:05:03 IST" duration-ms="10" status="PASS">
          <reporter-output>
          </reporter-output>
        </test-method> <!-- sam -->
      </class> <!-- org.net.TestNG -->
    </test> <!-- Testng -->
  </suite> <!-- Default Suite -->
</testng-results>
